1740572515.679692 client started (37596): version 3.5a, socket /private/tmp/tmux-501/default, protocol 8
1740572515.679814 on Darwin 24.3.0 Darwin Kernel Version 24.3.0: Thu Jan  2 20:22:58 PST 2025; root:xnu-11215.81.4~3/RELEASE_ARM64_T8132
1740572515.679821 using libevent 2.1.12-stable select
1740572515.680003 using utf8proc 2.10.0
1740572515.680009 using ncurses 6.5 20240427
1740572515.680020 flags are 0x18010000
1740572515.680024 socket is /private/tmp/tmux-501/default
1740572515.680035 trying connect
1740572515.680061 add peer 0x128028000: 6 (0x0)
1740572515.682102 sending message 111 to peer 0x128028000 (8 bytes)
1740572515.682107 sending message 111 to peer 0x128028000 (8 bytes)
1740572515.682110 sending message 101 to peer 0x128028000 (15 bytes)
1740572515.682112 sending message 109 to peer 0x128028000 (4 bytes)
1740572515.682115 sending message 102 to peer 0x128028000 (13 bytes)
1740572515.682117 sending message 108 to peer 0x128028000 (27 bytes)
1740572515.682119 sending message 112 to peer 0x128028000 (58 bytes)
1740572515.682121 sending message 112 to peer 0x128028000 (5 bytes)
1740572515.682123 sending message 112 to peer 0x128028000 (5 bytes)
1740572515.682125 sending message 112 to peer 0x128028000 (6 bytes)
1740572515.682127 sending message 112 to peer 0x128028000 (6 bytes)
1740572515.682129 sending message 112 to peer 0x128028000 (11 bytes)
1740572515.682131 sending message 112 to peer 0x128028000 (10 bytes)
1740572515.682133 sending message 112 to peer 0x128028000 (13 bytes)
1740572515.682135 sending message 112 to peer 0x128028000 (14 bytes)
1740572515.682137 sending message 112 to peer 0x128028000 (19 bytes)
1740572515.682139 sending message 112 to peer 0x128028000 (11 bytes)
1740572515.682141 sending message 112 to peer 0x128028000 (10 bytes)
1740572515.682143 sending message 112 to peer 0x128028000 (15 bytes)
1740572515.682145 sending message 112 to peer 0x128028000 (21 bytes)
1740572515.682147 sending message 112 to peer 0x128028000 (13 bytes)
1740572515.682149 sending message 112 to peer 0x128028000 (7 bytes)
1740572515.682150 sending message 112 to peer 0x128028000 (13 bytes)
1740572515.682152 sending message 112 to peer 0x128028000 (7 bytes)
1740572515.682154 sending message 112 to peer 0x128028000 (13 bytes)
1740572515.682156 sending message 112 to peer 0x128028000 (9 bytes)
1740572515.682158 sending message 112 to peer 0x128028000 (21 bytes)
1740572515.682160 sending message 112 to peer 0x128028000 (13 bytes)
1740572515.682162 sending message 112 to peer 0x128028000 (9 bytes)
1740572515.682164 sending message 112 to peer 0x128028000 (16 bytes)
1740572515.682165 sending message 112 to peer 0x128028000 (13 bytes)
1740572515.682167 sending message 112 to peer 0x128028000 (9 bytes)
1740572515.682169 sending message 112 to peer 0x128028000 (9 bytes)
1740572515.682171 sending message 112 to peer 0x128028000 (12 bytes)
1740572515.682173 sending message 112 to peer 0x128028000 (8 bytes)
1740572515.682175 sending message 112 to peer 0x128028000 (8 bytes)
1740572515.682177 sending message 112 to peer 0x128028000 (13 bytes)
1740572515.682179 sending message 112 to peer 0x128028000 (7 bytes)
1740572515.682180 sending message 112 to peer 0x128028000 (7 bytes)
1740572515.682182 sending message 112 to peer 0x128028000 (9 bytes)
1740572515.682184 sending message 112 to peer 0x128028000 (9 bytes)
1740572515.682186 sending message 112 to peer 0x128028000 (15 bytes)
1740572515.682188 sending message 112 to peer 0x128028000 (13 bytes)
1740572515.682190 sending message 112 to peer 0x128028000 (12 bytes)
1740572515.682192 sending message 112 to peer 0x128028000 (8 bytes)
1740572515.682194 sending message 112 to peer 0x128028000 (14 bytes)
1740572515.682196 sending message 112 to peer 0x128028000 (11 bytes)
1740572515.682197 sending message 112 to peer 0x128028000 (9 bytes)
1740572515.682199 sending message 112 to peer 0x128028000 (10 bytes)
1740572515.682201 sending message 112 to peer 0x128028000 (10 bytes)
1740572515.682203 sending message 112 to peer 0x128028000 (10 bytes)
1740572515.682205 sending message 112 to peer 0x128028000 (10 bytes)
1740572515.682215 sending message 112 to peer 0x128028000 (11 bytes)
1740572515.682217 sending message 112 to peer 0x128028000 (12 bytes)
1740572515.682218 sending message 112 to peer 0x128028000 (12 bytes)
1740572515.682220 sending message 112 to peer 0x128028000 (12 bytes)
1740572515.682221 sending message 112 to peer 0x128028000 (12 bytes)
1740572515.682222 sending message 112 to peer 0x128028000 (12 bytes)
1740572515.682224 sending message 112 to peer 0x128028000 (11 bytes)
1740572515.682225 sending message 112 to peer 0x128028000 (11 bytes)
1740572515.682226 sending message 112 to peer 0x128028000 (12 bytes)
1740572515.682228 sending message 112 to peer 0x128028000 (12 bytes)
1740572515.682229 sending message 112 to peer 0x128028000 (12 bytes)
1740572515.682230 sending message 112 to peer 0x128028000 (12 bytes)
1740572515.682232 sending message 112 to peer 0x128028000 (12 bytes)
1740572515.682233 sending message 112 to peer 0x128028000 (9 bytes)
1740572515.682234 sending message 112 to peer 0x128028000 (12 bytes)
1740572515.682236 sending message 112 to peer 0x128028000 (13 bytes)
1740572515.682237 sending message 112 to peer 0x128028000 (13 bytes)
1740572515.682238 sending message 112 to peer 0x128028000 (13 bytes)
1740572515.682240 sending message 112 to peer 0x128028000 (13 bytes)
1740572515.682241 sending message 112 to peer 0x128028000 (13 bytes)
1740572515.682242 sending message 112 to peer 0x128028000 (8 bytes)
1740572515.682244 sending message 112 to peer 0x128028000 (11 bytes)
1740572515.682245 sending message 112 to peer 0x128028000 (11 bytes)
1740572515.682246 sending message 112 to peer 0x128028000 (11 bytes)
1740572515.682247 sending message 112 to peer 0x128028000 (12 bytes)
1740572515.682249 sending message 112 to peer 0x128028000 (12 bytes)
1740572515.682250 sending message 112 to peer 0x128028000 (12 bytes)
1740572515.682251 sending message 112 to peer 0x128028000 (12 bytes)
1740572515.682253 sending message 112 to peer 0x128028000 (13 bytes)
1740572515.682254 sending message 112 to peer 0x128028000 (13 bytes)
1740572515.682255 sending message 112 to peer 0x128028000 (13 bytes)
1740572515.682257 sending message 112 to peer 0x128028000 (8 bytes)
1740572515.682258 sending message 112 to peer 0x128028000 (13 bytes)
1740572515.682259 sending message 112 to peer 0x128028000 (13 bytes)
1740572515.682261 sending message 112 to peer 0x128028000 (13 bytes)
1740572515.682262 sending message 112 to peer 0x128028000 (13 bytes)
1740572515.682263 sending message 112 to peer 0x128028000 (13 bytes)
1740572515.682264 sending message 112 to peer 0x128028000 (12 bytes)
1740572515.682266 sending message 112 to peer 0x128028000 (12 bytes)
1740572515.682267 sending message 112 to peer 0x128028000 (12 bytes)
1740572515.682268 sending message 112 to peer 0x128028000 (12 bytes)
1740572515.682270 sending message 112 to peer 0x128028000 (13 bytes)
1740572515.682271 sending message 112 to peer 0x128028000 (8 bytes)
1740572515.682272 sending message 112 to peer 0x128028000 (13 bytes)
1740572515.682274 sending message 112 to peer 0x128028000 (13 bytes)
1740572515.682275 sending message 112 to peer 0x128028000 (13 bytes)
1740572515.682276 sending message 112 to peer 0x128028000 (13 bytes)
1740572515.682278 sending message 112 to peer 0x128028000 (13 bytes)
1740572515.682279 sending message 112 to peer 0x128028000 (13 bytes)
1740572515.682280 sending message 112 to peer 0x128028000 (13 bytes)
1740572515.682282 sending message 112 to peer 0x128028000 (12 bytes)
1740572515.682283 sending message 112 to peer 0x128028000 (12 bytes)
1740572515.682284 sending message 112 to peer 0x128028000 (12 bytes)
1740572515.682285 sending message 112 to peer 0x128028000 (8 bytes)
1740572515.682287 sending message 112 to peer 0x128028000 (12 bytes)
1740572515.682288 sending message 112 to peer 0x128028000 (13 bytes)
1740572515.682289 sending message 112 to peer 0x128028000 (13 bytes)
1740572515.682291 sending message 112 to peer 0x128028000 (13 bytes)
1740572515.682292 sending message 112 to peer 0x128028000 (13 bytes)
1740572515.682294 sending message 112 to peer 0x128028000 (13 bytes)
1740572515.682298 sending message 112 to peer 0x128028000 (13 bytes)
1740572515.682299 sending message 112 to peer 0x128028000 (13 bytes)
1740572515.682301 sending message 112 to peer 0x128028000 (13 bytes)
1740572515.682302 sending message 112 to peer 0x128028000 (12 bytes)
1740572515.682303 sending message 112 to peer 0x128028000 (10 bytes)
1740572515.682305 sending message 112 to peer 0x128028000 (12 bytes)
1740572515.682306 sending message 112 to peer 0x128028000 (12 bytes)
1740572515.682307 sending message 112 to peer 0x128028000 (12 bytes)
1740572515.682309 sending message 112 to peer 0x128028000 (13 bytes)
1740572515.682310 sending message 112 to peer 0x128028000 (13 bytes)
1740572515.682311 sending message 112 to peer 0x128028000 (13 bytes)
1740572515.682313 sending message 112 to peer 0x128028000 (13 bytes)
1740572515.682314 sending message 112 to peer 0x128028000 (13 bytes)
1740572515.682315 sending message 112 to peer 0x128028000 (13 bytes)
1740572515.682316 sending message 112 to peer 0x128028000 (13 bytes)
1740572515.682318 sending message 112 to peer 0x128028000 (10 bytes)
1740572515.682319 sending message 112 to peer 0x128028000 (13 bytes)
1740572515.682320 sending message 112 to peer 0x128028000 (12 bytes)
1740572515.682322 sending message 112 to peer 0x128028000 (12 bytes)
1740572515.682323 sending message 112 to peer 0x128028000 (12 bytes)
1740572515.682324 sending message 112 to peer 0x128028000 (10 bytes)
1740572515.682326 sending message 112 to peer 0x128028000 (10 bytes)
1740572515.682327 sending message 112 to peer 0x128028000 (10 bytes)
1740572515.682328 sending message 112 to peer 0x128028000 (12 bytes)
1740572515.682330 sending message 112 to peer 0x128028000 (13 bytes)
1740572515.682331 sending message 112 to peer 0x128028000 (13 bytes)
1740572515.682332 sending message 112 to peer 0x128028000 (13 bytes)
1740572515.682333 sending message 112 to peer 0x128028000 (13 bytes)
1740572515.682335 sending message 112 to peer 0x128028000 (13 bytes)
1740572515.682336 sending message 112 to peer 0x128028000 (10 bytes)
1740572515.682337 sending message 112 to peer 0x128028000 (11 bytes)
1740572515.682339 sending message 112 to peer 0x128028000 (12 bytes)
1740572515.682340 sending message 112 to peer 0x128028000 (12 bytes)
1740572515.682341 sending message 112 to peer 0x128028000 (12 bytes)
1740572515.682343 sending message 112 to peer 0x128028000 (12 bytes)
1740572515.682344 sending message 112 to peer 0x128028000 (12 bytes)
1740572515.682345 sending message 112 to peer 0x128028000 (11 bytes)
1740572515.682347 sending message 112 to peer 0x128028000 (12 bytes)
1740572515.682348 sending message 112 to peer 0x128028000 (12 bytes)
1740572515.682349 sending message 112 to peer 0x128028000 (13 bytes)
1740572515.682350 sending message 112 to peer 0x128028000 (13 bytes)
1740572515.682352 sending message 112 to peer 0x128028000 (13 bytes)
1740572515.682353 sending message 112 to peer 0x128028000 (13 bytes)
1740572515.682354 sending message 112 to peer 0x128028000 (13 bytes)
1740572515.682356 sending message 112 to peer 0x128028000 (10 bytes)
1740572515.682357 sending message 112 to peer 0x128028000 (9 bytes)
1740572515.682358 sending message 112 to peer 0x128028000 (12 bytes)
1740572515.682360 sending message 112 to peer 0x128028000 (13 bytes)
1740572515.682361 sending message 112 to peer 0x128028000 (13 bytes)
1740572515.682362 sending message 112 to peer 0x128028000 (13 bytes)
1740572515.682363 sending message 112 to peer 0x128028000 (13 bytes)
1740572515.682365 sending message 112 to peer 0x128028000 (13 bytes)
1740572515.682366 sending message 112 to peer 0x128028000 (9 bytes)
1740572515.682367 sending message 112 to peer 0x128028000 (12 bytes)
1740572515.682369 sending message 112 to peer 0x128028000 (13 bytes)
1740572515.682370 sending message 112 to peer 0x128028000 (13 bytes)
1740572515.682371 sending message 112 to peer 0x128028000 (13 bytes)
1740572515.682373 sending message 112 to peer 0x128028000 (13 bytes)
1740572515.682374 sending message 112 to peer 0x128028000 (13 bytes)
1740572515.682377 sending message 112 to peer 0x128028000 (11 bytes)
1740572515.682379 sending message 112 to peer 0x128028000 (12 bytes)
1740572515.682380 sending message 112 to peer 0x128028000 (13 bytes)
1740572515.682381 sending message 112 to peer 0x128028000 (13 bytes)
1740572515.682383 sending message 112 to peer 0x128028000 (13 bytes)
1740572515.682384 sending message 112 to peer 0x128028000 (13 bytes)
1740572515.682385 sending message 112 to peer 0x128028000 (13 bytes)
1740572515.682387 sending message 112 to peer 0x128028000 (11 bytes)
1740572515.682388 sending message 112 to peer 0x128028000 (12 bytes)
1740572515.682389 sending message 112 to peer 0x128028000 (12 bytes)
1740572515.682391 sending message 112 to peer 0x128028000 (12 bytes)
1740572515.682392 sending message 112 to peer 0x128028000 (12 bytes)
1740572515.682393 sending message 112 to peer 0x128028000 (12 bytes)
1740572515.682394 sending message 112 to peer 0x128028000 (21 bytes)
1740572515.682396 sending message 112 to peer 0x128028000 (12 bytes)
1740572515.682397 sending message 112 to peer 0x128028000 (9 bytes)
1740572515.682398 sending message 112 to peer 0x128028000 (6 bytes)
1740572515.682400 sending message 112 to peer 0x128028000 (13 bytes)
1740572515.682401 sending message 112 to peer 0x128028000 (10 bytes)
1740572515.682402 sending message 112 to peer 0x128028000 (24 bytes)
1740572515.682404 sending message 112 to peer 0x128028000 (13 bytes)
1740572515.682405 sending message 112 to peer 0x128028000 (9 bytes)
1740572515.682406 sending message 112 to peer 0x128028000 (70 bytes)
1740572515.682408 sending message 112 to peer 0x128028000 (69 bytes)
1740572515.682409 sending message 112 to peer 0x128028000 (12 bytes)
1740572515.682410 sending message 112 to peer 0x128028000 (10 bytes)
1740572515.682411 sending message 112 to peer 0x128028000 (10 bytes)
1740572515.682413 sending message 112 to peer 0x128028000 (24 bytes)
1740572515.682414 sending message 112 to peer 0x128028000 (13 bytes)
1740572515.682415 sending message 112 to peer 0x128028000 (10 bytes)
1740572515.682417 sending message 112 to peer 0x128028000 (10 bytes)
1740572515.682418 sending message 112 to peer 0x128028000 (10 bytes)
1740572515.682419 sending message 112 to peer 0x128028000 (13 bytes)
1740572515.682421 sending message 112 to peer 0x128028000 (15 bytes)
1740572515.682422 sending message 112 to peer 0x128028000 (5 bytes)
1740572515.682424 sending message 104 to peer 0x128028000 (0 bytes)
1740572515.682425 sending message 110 to peer 0x128028000 (0 bytes)
1740572515.682427 sending message 107 to peer 0x128028000 (4 bytes)
1740572515.682428 sending message 105 to peer 0x128028000 (22 bytes)
1740572515.682429 sending message 105 to peer 0x128028000 (21 bytes)
1740572515.682431 sending message 105 to peer 0x128028000 (16 bytes)
1740572515.682432 sending message 105 to peer 0x128028000 (19 bytes)
1740572515.682433 sending message 105 to peer 0x128028000 (29 bytes)
1740572515.682435 sending message 105 to peer 0x128028000 (508 bytes)
1740572515.682436 sending message 105 to peer 0x128028000 (15 bytes)
1740572515.682438 sending message 105 to peer 0x128028000 (20 bytes)
1740572515.682439 sending message 105 to peer 0x128028000 (50 bytes)
1740572515.682440 sending message 105 to peer 0x128028000 (83 bytes)
1740572515.682442 sending message 105 to peer 0x128028000 (21 bytes)
1740572515.682443 sending message 105 to peer 0x128028000 (57 bytes)
1740572515.682444 sending message 105 to peer 0x128028000 (8 bytes)
1740572515.682446 sending message 105 to peer 0x128028000 (31 bytes)
1740572515.682447 sending message 105 to peer 0x128028000 (31 bytes)
1740572515.682448 sending message 105 to peer 0x128028000 (30 bytes)
1740572515.682450 sending message 105 to peer 0x128028000 (37 bytes)
1740572515.682451 sending message 105 to peer 0x128028000 (34 bytes)
1740572515.682452 sending message 105 to peer 0x128028000 (35 bytes)
1740572515.682454 sending message 105 to peer 0x128028000 (37 bytes)
1740572515.682455 sending message 105 to peer 0x128028000 (16 bytes)
1740572515.682462 sending message 105 to peer 0x128028000 (63 bytes)
1740572515.682464 sending message 105 to peer 0x128028000 (72 bytes)
1740572515.682465 sending message 105 to peer 0x128028000 (34 bytes)
1740572515.682466 sending message 105 to peer 0x128028000 (58 bytes)
1740572515.682468 sending message 105 to peer 0x128028000 (7 bytes)
1740572515.682469 sending message 105 to peer 0x128028000 (11 bytes)
1740572515.682470 sending message 105 to peer 0x128028000 (66 bytes)
1740572515.682472 sending message 105 to peer 0x128028000 (14 bytes)
1740572515.682473 sending message 105 to peer 0x128028000 (51 bytes)
1740572515.682474 sending message 105 to peer 0x128028000 (23 bytes)
1740572515.682476 sending message 105 to peer 0x128028000 (30 bytes)
1740572515.682477 sending message 105 to peer 0x128028000 (25 bytes)
1740572515.682478 sending message 106 to peer 0x128028000 (0 bytes)
1740572515.682514 sending message 200 to peer 0x128028000 (4 bytes)
1740572515.682517 client loop enter
1740572515.686623 peer 0x128028000 message 207
1740572515.686634 sending message 208 to peer 0x128028000 (0 bytes)
1740572547.663174 peer 0x128028000 message 201
1740572547.663406 sending message 205 to peer 0x128028000 (0 bytes)
1740572547.663600 peer 0x128028000 message 204
1740572547.663635 client loop exit
